{"uuid":"33a04ecc-2589-435f-bacc-76aa8195ce1b","historyId":"9838846ca7f4a7df338a56f622366482","testCaseId":"a4934d2c47903a2e9cdea44bd64db092","fullName":"src/test/resources/Feature_files/login.feature:3","labels":[{"name":"host","value":"DESKTOP-CSVDE04"},{"name":"thread","value":"336@DESKTOP-CSVDE04.main(1)"},{"name":"feature","value":"Swag Labs Login"},{"name":"story","value":"Successful login with valid credentials"},{"name":"suite","value":"Swag Labs Login"},{"name":"testClass","value":"Successful login with valid credentials"},{"name":"framework","value":"cucumber4jvm"},{"name":"language","value":"java"},{"name":"gherkin_uri","value":"file:///C:/Users/admin/eclipse/java-2023-064/Cucumber_selenium/src/test/resources/Feature_files/login.feature"},{"name":"package","value":"src.test.resources.Feature_files.login_feature.Swag Labs Login"}],"links":[],"name":"Successful login with valid credentials","status":"failed","statusDetails":{"known":false,"muted":false,"flaky":false,"message":"expected [true] but found [false]","trace":"java.lang.AssertionError: expected [true] but found [false]\r\n\tat org.testng.Assert.fail(Assert.java:110)\r\n\tat org.testng.Assert.failNotEquals(Assert.java:1413)\r\n\tat org.testng.Assert.assertTrue(Assert.java:56)\r\n\tat org.testng.Assert.assertTrue(Assert.java:66)\r\n\tat Stepdefination.loginstep.i_should_be_redirected_to_products(loginstep.java:43)\r\n\tat ✽.I should be redirected to the products page(file:///C:/Users/admin/eclipse/java-2023-064/Cucumber_selenium/src/test/resources/Feature_files/login.feature:7)\r\n"},"stage":"finished","steps":[{"name":"Given I am on the Swag Labs login page","status":"passed","statusDetails":{"known":false,"muted":false,"flaky":false},"stage":"finished","steps":[],"attachments":[],"parameters":[],"start":1754592822282,"stop":1754592823601},{"name":"When I enter username \"stadard_user\" and password \"secret_sauce\"","status":"passed","statusDetails":{"known":false,"muted":false,"flaky":false},"stage":"finished","steps":[],"attachments":[],"parameters":[],"start":1754592823617,"stop":1754592824190},{"name":"And I click the login button","status":"passed","statusDetails":{"known":false,"muted":false,"flaky":false},"stage":"finished","steps":[],"attachments":[],"parameters":[],"start":1754592824192,"stop":1754592824412},{"name":"Then I should be redirected to the products page","status":"failed","statusDetails":{"known":false,"muted":false,"flaky":false,"message":"expected [true] but found [false]","trace":"java.lang.AssertionError: expected [true] but found [false]\r\n\tat org.testng.Assert.fail(Assert.java:110)\r\n\tat org.testng.Assert.failNotEquals(Assert.java:1413)\r\n\tat org.testng.Assert.assertTrue(Assert.java:56)\r\n\tat org.testng.Assert.assertTrue(Assert.java:66)\r\n\tat Stepdefination.loginstep.i_should_be_redirected_to_products(loginstep.java:43)\r\n\tat ✽.I should be redirected to the products page(file:///C:/Users/admin/eclipse/java-2023-064/Cucumber_selenium/src/test/resources/Feature_files/login.feature:7)\r\n"},"stage":"finished","steps":[],"attachments":[],"parameters":[],"start":1754592824414,"stop":1754592824462}],"attachments":[],"parameters":[],"start":1754592814189,"stop":1754592825329}